2026-02-09T10:13:46.669Z [console][warn] Auth initialization timed out
2026-02-09T10:17:54.246Z [console][log] ServiceWorker registration successful with scope:  https://3000-6d617a34-6672-4fcb-8101-b2f52b961322.orchids.cloud/
2026-02-09T10:17:58.608Z [console][warn] Auth initialization timed out
2026-02-09T10:19:11.483Z [console][error] Signup error: {}
2026-02-09T10:19:25.375Z [console][log] ServiceWorker registration successful with scope:  https://3000-6d617a34-6672-4fcb-8101-b2f52b961322.orchids.cloud/
2026-02-09T10:19:28.748Z [console][warn] Auth initialization timed out
2026-02-09T10:19:28.847Z [console][error] Login error: {"__isAuthError":true,"name":"AuthApiError","status":400,"code":"invalid_credentials"}
2026-02-09T10:19:42.103Z [console][warn] Auth initialization timed out
2026-02-09T10:21:29.043Z [console][warn] Auth initialization timed out
2026-02-09T10:24:35.572Z [console][log] ServiceWorker registration successful with scope:  https://3000-6d617a34-6672-4fcb-8101-b2f52b961322.orchids.cloud/
2026-02-09T10:24:45.806Z [console][warn] Auth initialization timed out
2026-02-09T10:54:58.311Z [console][error] Failed to fetch RSC payload for https://3000-6d617a34-6672-4fcb-8101-b2f52b961322.orchids.cloud/signup. Falling back to browser navigation. {}
2026-02-09T11:24:05.552Z [console][error] Failed to fetch RSC payload for https://3000-6d617a34-6672-4fcb-8101-b2f52b961322.orchids.cloud/signup. Falling back to browser navigation. {}
2026-02-09T11:24:24.234Z [console][error] Failed to fetch RSC payload for https://3000-6d617a34-6672-4fcb-8101-b2f52b961322.orchids.cloud/signup. Falling back to browser navigation. {}
2026-02-09T11:20:02.263Z [console][log] ServiceWorker registration successful with scope:  https://3000-6d617a34-6672-4fcb-8101-b2f52b961322.orchids.cloud/
2026-02-09T11:24:05.552Z [console][error] Failed to fetch RSC payload for https://3000-6d617a34-6672-4fcb-8101-b2f52b961322.orchids.cloud/signup. Falling back to browser navigation. {}
2026-02-09T11:24:24.234Z [console][error] Failed to fetch RSC payload for https://3000-6d617a34-6672-4fcb-8101-b2f52b961322.orchids.cloud/signup. Falling back to browser navigation. {}
2026-02-09T11:25:41.279Z [console][error] The final argument passed to %s changed size between renders. The order and size of this array must remain constant.

Previous: %s
Incoming: %s useEffect [, false, [object Object]] [, false]
2026-02-09T11:25:43.330Z [network][POST 200] /__nextjs_original-stack-frames
  request: {"frames":[{"file":"file:///home/user/app/.next/static/chunks/135e9_next_dist_a5ceb642._.js","line1":1605,"column1":71,"methodName":"createConsoleError","arguments":[]},{"file":"file:///home/user/app/.next/static/chunks/135e9_next_dist_a5ceb642._.js","line1":2203,"column1":54,"methodName":"handleConsoleError","arguments":[]},{"file":"file:///home/user/app/.next/static/chunks/135e9_next_dist_a5ceb642._.js","line1":2354,"column1":57,"methodName":"console.error","arguments":[]},{"file":"https://slelguoygbfzlpylpxfs.supabase.co/storage/v1/object/public/scripts/orchids-browser-logs.js","line1":150,"column1":38,"methodName":"console.error","arguments":[]},{"file":"file:///home/user/app/.next/static/chunks/135e9_next_dist_compiled_react-dom_93fbc42d._.js","line1":4075,"column1":56,"methodName":"areHookInputsEqual","arguments":[]},{"file":"file:///home/user/app/.next/static/chunks/135e9_next_dist_compiled_react-dom_93fbc42d._.js","line1":4770,"column1":50,"methodName":"updateEffectImpl","arguments":[]},{"file":"file:///home/user/app/.next/static/chunks/135e9_next_dist_compiled_react-dom_93fbc42d._.js","line1":13587,"column1":13,"methodName":"Object.useEffect","arguments":[]},{"file":"file:///home/user/app/.next/static/chunks/135e9_next_dist_compiled_810c571f._.js","line1":1696,"column1":36,"methodName":"exports.useEffect","arguments":[]},{"file":"file:///home/user/app/.next/static/chunks/user_app_src_ba5799ba._.js?id=%255Bproject%255D%252Fuser%252Fapp%252Fsrc%252Fapp%252Fsignup%252Fpage.tsx+%255Bapp-client%255D+%2528ecmascript%2529","line1":43,"column1":195,"methodName":"SignupPage","arguments":[]},{"file":"file:///home/user/app/.next/static/chunks/135e9_next_dist_compiled_react-dom_93fbc42d._.js","line1":13072,"column1":24,"methodName":"Object.react_stack_bottom_frame","arguments":[]},{"file":"file:///home/user/app/.next/static/chunks/135e9_next_dist_compiled_react-dom_93fbc42d._.js","line1":4146,"column1":24,"methodName":"renderWithHooksAgain","arguments":[]},{"file":"fil... [truncated]
  response: [{"status":"fulfilled","value":{"originalStackFrame":{"arguments":[],"file":"node_modules/next/src/next-devtools/shared/console-error.ts","line1":16,"column1":35,"ignored":true,"methodName":"createConsoleError"},"originalCodeFrame":null}},{"status":"fulfilled","value":{"originalStackFrame":{"arguments":[],"file":"node_modules/next/src/next-devtools/userspace/app/errors/use-error-handler.ts","line1":35,"column1":31,"ignored":true,"methodName":"handleConsoleError"},"originalCodeFrame":null}},{"status":"fulfilled","value":{"originalStackFrame":{"arguments":[],"file":"node_modules/next/src/next-devtools/userspace/app/errors/intercept-console-error.ts","line1":33,"column1":27,"ignored":true,"methodName":"console.error"},"originalCodeFrame":null}},{"status":"rejected","reason":"[Error: Unknown url scheme 'https'\n\nDebug info:\n- Execution of TaskId { id: 2147489713 } transient failed\n- Execution of project_trace_source_operation failed\n- Execution of *SourceMap::new_from_rope_cached failed\n- Execution of get_source_map_rope failed\n- Unknown url scheme 'https'] {\n  code: 'GenericFailure'\n}"},{"status":"fulfilled","value":{"originalStackFrame":{"arguments":[],"file":"node_modules/next/dist/compiled/react-dom/cjs/react-dom-client.development.js","line1":6742,"column1":17,"ignored":true,"methodName":"areHookInputsEqual"},"originalCodeFrame":null}},{"status":"fulfilled","value":{"originalStackFrame":{"arguments":[],"file":"node_modules/next/dist/compiled/react-dom/cjs/react-dom-client.development.js","line1":7775,"column1":7,"ignored":true,"methodName":"updateEffectImpl"},"originalCodeFrame":null}},{"status":"fulfilled","value":{"originalStackFrame":{"arguments":[],"file":"node_modules/next/dist/compiled/react-dom/cjs/react-dom-client.development.js","line1":24258,"column1":9,"ignored":true,"methodName":"Object.useEffect"},"originalCodeFrame":null}},{"status":"fulfilled","value":{"originalStackFrame":{"arguments":[],"file":"node_modules/next/dist/compiled/react/cjs/reac... [truncated]
2026-02-09T11:24:05.552Z [console][error] Failed to fetch RSC payload for https://3000-6d617a34-6672-4fcb-8101-b2f52b961322.orchids.cloud/signup. Falling back to browser navigation. {}
2026-02-09T11:24:24.234Z [console][error] Failed to fetch RSC payload for https://3000-6d617a34-6672-4fcb-8101-b2f52b961322.orchids.cloud/signup. Falling back to browser navigation. {}
2026-02-09T11:25:41.279Z [console][error] The final argument passed to %s changed size between renders. The order and size of this array must remain constant.

Previous: %s
Incoming: %s useEffect [, false, [object Object]] [, false]
2026-02-09T11:28:43.211Z [console][error] Failed to fetch RSC payload for https://3000-6d617a34-6672-4fcb-8101-b2f52b961322.orchids.cloud/signup. Falling back to browser navigation. {}
2026-02-09T11:28:55.996Z [console][error] Failed to fetch RSC payload for https://3000-6d617a34-6672-4fcb-8101-b2f52b961322.orchids.cloud/signup. Falling back to browser navigation. {}
2026-02-09T11:29:09.803Z [console][error] Failed to fetch RSC payload for https://3000-6d617a34-6672-4fcb-8101-b2f52b961322.orchids.cloud/signup. Falling back to browser navigation. {}
2026-02-09T11:29:18.874Z [console][error] Failed to fetch RSC payload for https://3000-6d617a34-6672-4fcb-8101-b2f52b961322.orchids.cloud/signup. Falling back to browser navigation. {}
2026-02-09T11:29:37.344Z [console][error] Failed to fetch RSC payload for https://3000-6d617a34-6672-4fcb-8101-b2f52b961322.orchids.cloud/signup. Falling back to browser navigation. {}
2026-02-09T11:28:43.211Z [console][error] Failed to fetch RSC payload for https://3000-6d617a34-6672-4fcb-8101-b2f52b961322.orchids.cloud/signup. Falling back to browser navigation. {}
2026-02-09T11:28:55.996Z [console][error] Failed to fetch RSC payload for https://3000-6d617a34-6672-4fcb-8101-b2f52b961322.orchids.cloud/signup. Falling back to browser navigation. {}
2026-02-09T11:29:09.803Z [console][error] Failed to fetch RSC payload for https://3000-6d617a34-6672-4fcb-8101-b2f52b961322.orchids.cloud/signup. Falling back to browser navigation. {}
2026-02-09T11:29:18.874Z [console][error] Failed to fetch RSC payload for https://3000-6d617a34-6672-4fcb-8101-b2f52b961322.orchids.cloud/signup. Falling back to browser navigation. {}
2026-02-09T11:29:37.344Z [console][error] Failed to fetch RSC payload for https://3000-6d617a34-6672-4fcb-8101-b2f52b961322.orchids.cloud/signup. Falling back to browser navigation. {}
